<?xml version="1.0" encoding="UTF-8" ?>
<testsuite errors="0" failures="0" hostname="DESKTOP-5IC5FT6" name="br.com.projetoDAO.DAO.PessoaDAOTest" skipped="0" tests="5" time="0.39" timestamp="2020-11-11T23:29:14">
  <properties>
[...]
</properties>
  <testcase classname="br.com.projetoDAO.DAO.PessoaDAOTest" name="testAlterar" time="0.265" />
  <testcase classname="br.com.projetoDAO.DAO.PessoaDAOTest" name="testConsultaPorId" time="0.017" />
  <testcase classname="br.com.projetoDAO.DAO.PessoaDAOTest" name="testConsulta" time="0.008" />
  <testcase classname="br.com.projetoDAO.DAO.PessoaDAOTest" name="testDeletar" time="0.005" />
  <testcase classname="br.com.projetoDAO.DAO.PessoaDAOTest" name="testInserir" time="0.033" />
  <system-out><![CDATA[alterar
Alterado com sucesso!
consultaPorId
ID   |Nome                                              |Profissao           
8    |Joyce                                             |Confeiteira         
consulta
ID   |Nome                                              |Profissao           
1    |Gabryel                                           |Programador         
2    |Pedrão                                            |Deselvolvedor       
3    |JJ                                                |JJ                  
4    |Mario                                             |Professor           
5    |Aldilene                                          |Porteiro            
8    |Joyce                                             |Confeiteira         
9    |Jurisvaldo                                        |Jurislvaldense      
10   |Jurisvaldo                                        |Jurislvaldense      
deletar
inserir
Cadastro realizado!
]]></system-out>
  <system-err><![CDATA[]]></system-err>
</testsuite>
